c:\users\ahrens\documents\visualstudio\projects\openglesapp7\openglesapp7\openglesapp7.android.nativeactivity\arm\debug\pch.h.gch
c:\users\ahrens\documents\visualstudio\projects\openglesapp7\openglesapp7\openglesapp7.android.nativeactivity\arm\debug\android_native_app_glue.o
c:\users\ahrens\documents\visualstudio\projects\openglesapp7\openglesapp7\openglesapp7.android.nativeactivity\arm\debug\png.o
c:\users\ahrens\documents\visualstudio\projects\openglesapp7\openglesapp7\openglesapp7.android.nativeactivity\arm\debug\pngerror.o
c:\users\ahrens\documents\visualstudio\projects\openglesapp7\openglesapp7\openglesapp7.android.nativeactivity\arm\debug\pngget.o
c:\users\ahrens\documents\visualstudio\projects\openglesapp7\openglesapp7\openglesapp7.android.nativeactivity\arm\debug\pngmem.o
c:\users\ahrens\documents\visualstudio\projects\openglesapp7\openglesapp7\openglesapp7.android.nativeactivity\arm\debug\pngpread.o
c:\users\ahrens\documents\visualstudio\projects\openglesapp7\openglesapp7\openglesapp7.android.nativeactivity\arm\debug\pngread.o
c:\users\ahrens\documents\visualstudio\projects\openglesapp7\openglesapp7\openglesapp7.android.nativeactivity\arm\debug\pngrio.o
c:\users\ahrens\documents\visualstudio\projects\openglesapp7\openglesapp7\openglesapp7.android.nativeactivity\arm\debug\pngrtran.o
c:\users\ahrens\documents\visualstudio\projects\openglesapp7\openglesapp7\openglesapp7.android.nativeactivity\arm\debug\pngrutil.o
c:\users\ahrens\documents\visualstudio\projects\openglesapp7\openglesapp7\openglesapp7.android.nativeactivity\arm\debug\pngset.o
c:\users\ahrens\documents\visualstudio\projects\openglesapp7\openglesapp7\openglesapp7.android.nativeactivity\arm\debug\pngtrans.o
c:\users\ahrens\documents\visualstudio\projects\openglesapp7\openglesapp7\openglesapp7.android.nativeactivity\arm\debug\pngwio.o
c:\users\ahrens\documents\visualstudio\projects\openglesapp7\openglesapp7\openglesapp7.android.nativeactivity\arm\debug\pngwrite.o
c:\users\ahrens\documents\visualstudio\projects\openglesapp7\openglesapp7\openglesapp7.android.nativeactivity\arm\debug\pngwtran.o
c:\users\ahrens\documents\visualstudio\projects\openglesapp7\openglesapp7\openglesapp7.android.nativeactivity\arm\debug\pngwutil.o
c:\users\ahrens\documents\visualstudio\projects\openglesapp7\openglesapp7\openglesapp7.android.nativeactivity\arm\debug\shapegenerator.o
c:\users\ahrens\documents\visualstudio\projects\openglesapp7\openglesapp7\openglesapp7.android.nativeactivity\arm\debug\main.o
c:\users\ahrens\documents\visualstudio\projects\openglesapp7\arm\debug\libopenglesapp7.so.recipe
c:\users\ahrens\documents\visualstudio\projects\openglesapp7\arm\debug\libopenglesapp7.so
c:\users\ahrens\documents\visualstudio\projects\openglesapp7\openglesapp7\openglesapp7.android.nativeactivity\arm\debug\opengles.ab70ab30.tlog\clang-ld.read.1.tlog
c:\users\ahrens\documents\visualstudio\projects\openglesapp7\openglesapp7\openglesapp7.android.nativeactivity\arm\debug\opengles.ab70ab30.tlog\clang-ld.write.1.tlog
c:\users\ahrens\documents\visualstudio\projects\openglesapp7\openglesapp7\openglesapp7.android.nativeactivity\arm\debug\opengles.ab70ab30.tlog\clang.command.1.tlog
c:\users\ahrens\documents\visualstudio\projects\openglesapp7\openglesapp7\openglesapp7.android.nativeactivity\arm\debug\opengles.ab70ab30.tlog\clang.read.1.tlog
c:\users\ahrens\documents\visualstudio\projects\openglesapp7\openglesapp7\openglesapp7.android.nativeactivity\arm\debug\opengles.ab70ab30.tlog\microsoft.build.cpptasks.clangcompile.read.1.tlog
c:\users\ahrens\documents\visualstudio\projects\openglesapp7\openglesapp7\openglesapp7.android.nativeactivity\arm\debug\opengles.ab70ab30.tlog\microsoft.build.cpptasks.clangcompile.write.1.tlog
c:\users\ahrens\documents\visualstudio\projects\openglesapp7\openglesapp7\openglesapp7.android.nativeactivity\arm\debug\opengles.ab70ab30.tlog\microsoft.build.cpptasks.clanglink.read.1.tlog
c:\users\ahrens\documents\visualstudio\projects\openglesapp7\openglesapp7\openglesapp7.android.nativeactivity\arm\debug\opengles.ab70ab30.tlog\microsoft.build.cpptasks.clanglink.write.1.tlog
c:\users\ahrens\documents\visualstudio\projects\openglesapp7\openglesapp7\openglesapp7.android.nativeactivity\arm\debug\opengles.ab70ab30.tlog\openglesapp7.android.nativeactivity.write.1u.tlog
