  ANDROID_HOME=C:\Users\Ahrens\AppData\Local\Android\Sdk
  ANT_HOME=C:\Users\Ahrens\Documents\Visual Studio 2013\Projects\apacheant\apache-ant-1.9.9
  JAVA_HOME=C:\Program Files (x86)\Java\jdk1.7.0_55
  NDK_ROOT=C:\ProgramData\Microsoft\AndroidNDK64\android-ndk-r11c\
  main.cpp
main.cpp(104,42): warning : more '%' conversions than data arguments [-Wformat]
                  LOGI("Unable to create PNG structure: %s");
                                                        ~^
  main.cpp(36,92) :  note: expanded from macro 'LOGI'
  #define LOGI(...) ((void)__android_log_print(ANDROID_LOG_INFO, "astroGame.NativeActivity", __VA_ARGS__))
                                                                                             ^
main.cpp(110,38): warning : more '%' conversions than data arguments [-Wformat]
                  LOGI("Unable to create png info : %s");
                                                    ~^
  main.cpp(36,92) :  note: expanded from macro 'LOGI'
  #define LOGI(...) ((void)__android_log_print(ANDROID_LOG_INFO, "astroGame.NativeActivity", __VA_ARGS__))
                                                                                             ^
main.cpp(116,42): warning : more '%' conversions than data arguments [-Wformat]
                  LOGI("Unable to create png end info : %s");
                                                        ~^
  main.cpp(36,92) :  note: expanded from macro 'LOGI'
  #define LOGI(...) ((void)__android_log_print(ANDROID_LOG_INFO, "astroGame.NativeActivity", __VA_ARGS__))
                                                                                             ^
main.cpp(120,32): warning : more '%' conversions than data arguments [-Wformat]
                  LOGI("Error during setjmp : %s");
                                              ~^
  main.cpp(36,92) :  note: expanded from macro 'LOGI'
  #define LOGI(...) ((void)__android_log_print(ANDROID_LOG_INFO, "astroGame.NativeActivity", __VA_ARGS__))
                                                                                             ^
main.cpp(145,54): warning : more '%' conversions than data arguments [-Wformat]
                  LOGI("Unable to allocate image_data while loading %s ");
                                                                    ~^
  main.cpp(36,92) :  note: expanded from macro 'LOGI'
  #define LOGI(...) ((void)__android_log_print(ANDROID_LOG_INFO, "astroGame.NativeActivity", __VA_ARGS__))
                                                                                             ^
main.cpp(154,55): warning : more '%' conversions than data arguments [-Wformat]
                  LOGI("Unable to allocate row_pointer while loading %s ");
                                                                     ~^
  main.cpp(36,92) :  note: expanded from macro 'LOGI'
  #define LOGI(...) ((void)__android_log_print(ANDROID_LOG_INFO, "astroGame.NativeActivity", __VA_ARGS__))
                                                                                             ^
main.cpp(99,6): warning : unused variable 'numBytesRead' [-Wunused-variable]
          int numBytesRead = AAsset_read(asset, buffer, HEADER_SIZE);
              ^
  7 warnings generated.
C:\Program Files (x86)\MSBuild\Microsoft.Cpp\v4.0\V140\Microsoft.CppBuild.targets(1189,5): warning MSB8012: TargetPath(C:\Users\Ahrens\Documents\VisualStudio\Projects\OpenGLESApp7\ARM\Debug\libOpenGLESApp7.so) does not match the Linker's OutputFile property value (C:\Users\Ahrens\Documents\VisualStudio\Projects\OpenGLESApp7\ARM\Debug\libOpenGLESApp7.so1). This may cause your project to build incorrectly. To correct this, please make sure that $(OutDir), $(TargetName) and $(TargetExt) property values match the value specified in %(Link.OutputFile).
C:\Program Files (x86)\MSBuild\Microsoft.Cpp\v4.0\V140\Microsoft.CppBuild.targets(1190,5): warning MSB8012: TargetExt(.so) does not match the Linker's OutputFile property value (.so1). This may cause your project to build incorrectly. To correct this, please make sure that $(OutDir), $(TargetName) and $(TargetExt) property values match the value specified in %(Link.OutputFile).
  OpenGLESApp7.Android.NativeActivity.vcxproj -> C:\Users\Ahrens\Documents\VisualStudio\Projects\OpenGLESApp7\ARM\Debug\libOpenGLESApp7.so1
